0 info it worked if it ends with ok
1 verbose cli [ '/usr/local/bin/node',
1 verbose cli   '/usr/local/bin/npm',
1 verbose cli   'install',
1 verbose cli   'protractor',
1 verbose cli   '--uninstall' ]
2 info using npm@2.15.1
3 info using node@v4.4.3
4 verbose install initial load of /Users/francis/Documents/LNU/Individuellt Mjukvaruutvecklingsprojekt/client/package.json
5 warn package.json client@1.1.1 No repository field.
6 warn package.json client@1.1.1 No README data
7 warn package.json client@1.1.1 No license field.
8 verbose installManyTop reading scoped package data from /Users/francis/Documents/LNU/Individuellt Mjukvaruutvecklingsprojekt/client/node_modules/abbrev/package.json
9 verbose installManyTop reading scoped package data from /Users/francis/Documents/LNU/Individuellt Mjukvaruutvecklingsprojekt/client/node_modules/amdefine/package.json
10 verbose installManyTop reading scoped package data from /Users/francis/Documents/LNU/Individuellt Mjukvaruutvecklingsprojekt/client/node_modules/ansi/package.json
11 verbose installManyTop reading scoped package data from /Users/francis/Documents/LNU/Individuellt Mjukvaruutvecklingsprojekt/client/node_modules/ansi-regex/package.json
12 verbose installManyTop reading scoped package data from /Users/francis/Documents/LNU/Individuellt Mjukvaruutvecklingsprojekt/client/node_modules/ansi-styles/package.json
13 verbose installManyTop reading scoped package data from /Users/francis/Documents/LNU/Individuellt Mjukvaruutvecklingsprojekt/client/node_modules/archy/package.json
14 verbose installManyTop reading scoped package data from /Users/francis/Documents/LNU/Individuellt Mjukvaruutvecklingsprojekt/client/node_modules/are-we-there-yet/package.json
15 verbose installManyTop reading scoped package data from /Users/francis/Documents/LNU/Individuellt Mjukvaruutvecklingsprojekt/client/node_modules/array-find-index/package.json
16 verbose installManyTop reading scoped package data from /Users/francis/Documents/LNU/Individuellt Mjukvaruutvecklingsprojekt/client/node_modules/array-index/package.json
17 verbose installManyTop reading scoped package data from /Users/francis/Documents/LNU/Individuellt Mjukvaruutvecklingsprojekt/client/node_modules/asn1/package.json
18 verbose installManyTop reading scoped package data from /Users/francis/Documents/LNU/Individuellt Mjukvaruutvecklingsprojekt/client/node_modules/assert-plus/package.json
19 verbose installManyTop reading scoped package data from /Users/francis/Documents/LNU/Individuellt Mjukvaruutvecklingsprojekt/client/node_modules/async/package.json
20 verbose installManyTop reading scoped package data from /Users/francis/Documents/LNU/Individuellt Mjukvaruutvecklingsprojekt/client/node_modules/async-foreach/package.json
21 verbose installManyTop reading scoped package data from /Users/francis/Documents/LNU/Individuellt Mjukvaruutvecklingsprojekt/client/node_modules/aws-sign2/package.json
22 verbose installManyTop reading scoped package data from /Users/francis/Documents/LNU/Individuellt Mjukvaruutvecklingsprojekt/client/node_modules/aws4/package.json
23 verbose installManyTop reading scoped package data from /Users/francis/Documents/LNU/Individuellt Mjukvaruutvecklingsprojekt/client/node_modules/balanced-match/package.json
24 verbose installManyTop reading scoped package data from /Users/francis/Documents/LNU/Individuellt Mjukvaruutvecklingsprojekt/client/node_modules/bl/package.json
25 verbose installManyTop reading scoped package data from /Users/francis/Documents/LNU/Individuellt Mjukvaruutvecklingsprojekt/client/node_modules/block-stream/package.json
26 verbose installManyTop reading scoped package data from /Users/francis/Documents/LNU/Individuellt Mjukvaruutvecklingsprojekt/client/node_modules/boom/package.json
27 verbose installManyTop reading scoped package data from /Users/francis/Documents/LNU/Individuellt Mjukvaruutvecklingsprojekt/client/node_modules/bower/package.json
28 verbose installManyTop reading scoped package data from /Users/francis/Documents/LNU/Individuellt Mjukvaruutvecklingsprojekt/client/node_modules/brace-expansion/package.json
29 verbose installManyTop reading scoped package data from /Users/francis/Documents/LNU/Individuellt Mjukvaruutvecklingsprojekt/client/node_modules/bufferstreams/package.json
30 verbose installManyTop reading scoped package data from /Users/francis/Documents/LNU/Individuellt Mjukvaruutvecklingsprojekt/client/node_modules/builtin-modules/package.json
31 verbose installManyTop reading scoped package data from /Users/francis/Documents/LNU/Individuellt Mjukvaruutvecklingsprojekt/client/node_modules/camelcase/package.json
32 verbose installManyTop reading scoped package data from /Users/francis/Documents/LNU/Individuellt Mjukvaruutvecklingsprojekt/client/node_modules/camelcase-keys/package.json
33 verbose installManyTop reading scoped package data from /Users/francis/Documents/LNU/Individuellt Mjukvaruutvecklingsprojekt/client/node_modules/caseless/package.json
34 verbose installManyTop reading scoped package data from /Users/francis/Documents/LNU/Individuellt Mjukvaruutvecklingsprojekt/client/node_modules/chalk/package.json
35 verbose installManyTop reading scoped package data from /Users/francis/Documents/LNU/Individuellt Mjukvaruutvecklingsprojekt/client/node_modules/clean-css/package.json
36 verbose installManyTop reading scoped package data from /Users/francis/Documents/LNU/Individuellt Mjukvaruutvecklingsprojekt/client/node_modules/cliui/package.json
37 verbose installManyTop reading scoped package data from /Users/francis/Documents/LNU/Individuellt Mjukvaruutvecklingsprojekt/client/node_modules/clone/package.json
38 verbose installManyTop reading scoped package data from /Users/francis/Documents/LNU/Individuellt Mjukvaruutvecklingsprojekt/client/node_modules/clone-stats/package.json
39 verbose installManyTop reading scoped package data from /Users/francis/Documents/LNU/Individuellt Mjukvaruutvecklingsprojekt/client/node_modules/code-point-at/package.json
40 verbose installManyTop reading scoped package data from /Users/francis/Documents/LNU/Individuellt Mjukvaruutvecklingsprojekt/client/node_modules/combined-stream/package.json
41 verbose installManyTop reading scoped package data from /Users/francis/Documents/LNU/Individuellt Mjukvaruutvecklingsprojekt/client/node_modules/commander/package.json
42 verbose installManyTop reading scoped package data from /Users/francis/Documents/LNU/Individuellt Mjukvaruutvecklingsprojekt/client/node_modules/concat-map/package.json
43 verbose installManyTop reading scoped package data from /Users/francis/Documents/LNU/Individuellt Mjukvaruutvecklingsprojekt/client/node_modules/concat-stream/package.json
44 verbose installManyTop reading scoped package data from /Users/francis/Documents/LNU/Individuellt Mjukvaruutvecklingsprojekt/client/node_modules/concat-with-sourcemaps/package.json
45 verbose installManyTop reading scoped package data from /Users/francis/Documents/LNU/Individuellt Mjukvaruutvecklingsprojekt/client/node_modules/config-chain/package.json
46 verbose installManyTop reading scoped package data from /Users/francis/Documents/LNU/Individuellt Mjukvaruutvecklingsprojekt/client/node_modules/core-util-is/package.json
47 verbose installManyTop reading scoped package data from /Users/francis/Documents/LNU/Individuellt Mjukvaruutvecklingsprojekt/client/node_modules/cross-spawn/package.json
48 verbose installManyTop reading scoped package data from /Users/francis/Documents/LNU/Individuellt Mjukvaruutvecklingsprojekt/client/node_modules/cross-spawn-async/package.json
49 verbose installManyTop reading scoped package data from /Users/francis/Documents/LNU/Individuellt Mjukvaruutvecklingsprojekt/client/node_modules/cryptiles/package.json
50 verbose installManyTop reading scoped package data from /Users/francis/Documents/LNU/Individuellt Mjukvaruutvecklingsprojekt/client/node_modules/d/package.json
51 verbose installManyTop reading scoped package data from /Users/francis/Documents/LNU/Individuellt Mjukvaruutvecklingsprojekt/client/node_modules/dashdash/package.json
52 verbose installManyTop reading scoped package data from /Users/francis/Documents/LNU/Individuellt Mjukvaruutvecklingsprojekt/client/node_modules/dateformat/package.json
53 verbose installManyTop reading scoped package data from /Users/francis/Documents/LNU/Individuellt Mjukvaruutvecklingsprojekt/client/node_modules/debug/package.json
54 verbose installManyTop reading scoped package data from /Users/francis/Documents/LNU/Individuellt Mjukvaruutvecklingsprojekt/client/node_modules/decamelize/package.json
55 verbose installManyTop reading scoped package data from /Users/francis/Documents/LNU/Individuellt Mjukvaruutvecklingsprojekt/client/node_modules/defaults/package.json
56 verbose installManyTop reading scoped package data from /Users/francis/Documents/LNU/Individuellt Mjukvaruutvecklingsprojekt/client/node_modules/delayed-stream/package.json
57 verbose installManyTop reading scoped package data from /Users/francis/Documents/LNU/Individuellt Mjukvaruutvecklingsprojekt/client/node_modules/delegates/package.json
58 verbose installManyTop reading scoped package data from /Users/francis/Documents/LNU/Individuellt Mjukvaruutvecklingsprojekt/client/node_modules/deprecated/package.json
59 verbose installManyTop reading scoped package data from /Users/francis/Documents/LNU/Individuellt Mjukvaruutvecklingsprojekt/client/node_modules/duplexer2/package.json
60 verbose installManyTop reading scoped package data from /Users/francis/Documents/LNU/Individuellt Mjukvaruutvecklingsprojekt/client/node_modules/ecc-jsbn/package.json
61 verbose installManyTop reading scoped package data from /Users/francis/Documents/LNU/Individuellt Mjukvaruutvecklingsprojekt/client/node_modules/end-of-stream/package.json
62 verbose installManyTop reading scoped package data from /Users/francis/Documents/LNU/Individuellt Mjukvaruutvecklingsprojekt/client/node_modules/error-ex/package.json
63 verbose installManyTop reading scoped package data from /Users/francis/Documents/LNU/Individuellt Mjukvaruutvecklingsprojekt/client/node_modules/es5-ext/package.json
64 verbose installManyTop reading scoped package data from /Users/francis/Documents/LNU/Individuellt Mjukvaruutvecklingsprojekt/client/node_modules/es6-iterator/package.json
65 verbose installManyTop reading scoped package data from /Users/francis/Documents/LNU/Individuellt Mjukvaruutvecklingsprojekt/client/node_modules/es6-symbol/package.json
66 verbose installManyTop reading scoped package data from /Users/francis/Documents/LNU/Individuellt Mjukvaruutvecklingsprojekt/client/node_modules/escape-string-regexp/package.json
67 verbose installManyTop reading scoped package data from /Users/francis/Documents/LNU/Individuellt Mjukvaruutvecklingsprojekt/client/node_modules/extend/package.json
68 verbose installManyTop reading scoped package data from /Users/francis/Documents/LNU/Individuellt Mjukvaruutvecklingsprojekt/client/node_modules/extsprintf/package.json
69 verbose installManyTop reading scoped package data from /Users/francis/Documents/LNU/Individuellt Mjukvaruutvecklingsprojekt/client/node_modules/find-index/package.json
70 verbose installManyTop reading scoped package data from /Users/francis/Documents/LNU/Individuellt Mjukvaruutvecklingsprojekt/client/node_modules/find-up/package.json
71 verbose installManyTop reading scoped package data from /Users/francis/Documents/LNU/Individuellt Mjukvaruutvecklingsprojekt/client/node_modules/findup-sync/package.json
72 verbose installManyTop reading scoped package data from /Users/francis/Documents/LNU/Individuellt Mjukvaruutvecklingsprojekt/client/node_modules/first-chunk-stream/package.json
73 verbose installManyTop reading scoped package data from /Users/francis/Documents/LNU/Individuellt Mjukvaruutvecklingsprojekt/client/node_modules/flagged-respawn/package.json
74 verbose installManyTop reading scoped package data from /Users/francis/Documents/LNU/Individuellt Mjukvaruutvecklingsprojekt/client/node_modules/forever-agent/package.json
75 verbose installManyTop reading scoped package data from /Users/francis/Documents/LNU/Individuellt Mjukvaruutvecklingsprojekt/client/node_modules/form-data/package.json
76 verbose installManyTop reading scoped package data from /Users/francis/Documents/LNU/Individuellt Mjukvaruutvecklingsprojekt/client/node_modules/fstream/package.json
77 verbose installManyTop reading scoped package data from /Users/francis/Documents/LNU/Individuellt Mjukvaruutvecklingsprojekt/client/node_modules/gauge/package.json
78 verbose installManyTop reading scoped package data from /Users/francis/Documents/LNU/Individuellt Mjukvaruutvecklingsprojekt/client/node_modules/gaze/package.json
79 verbose installManyTop reading scoped package data from /Users/francis/Documents/LNU/Individuellt Mjukvaruutvecklingsprojekt/client/node_modules/generate-function/package.json
80 verbose installManyTop reading scoped package data from /Users/francis/Documents/LNU/Individuellt Mjukvaruutvecklingsprojekt/client/node_modules/generate-object-property/package.json
81 verbose installManyTop reading scoped package data from /Users/francis/Documents/LNU/Individuellt Mjukvaruutvecklingsprojekt/client/node_modules/get-stdin/package.json
82 verbose installManyTop reading scoped package data from /Users/francis/Documents/LNU/Individuellt Mjukvaruutvecklingsprojekt/client/node_modules/glob/package.json
83 verbose installManyTop reading scoped package data from /Users/francis/Documents/LNU/Individuellt Mjukvaruutvecklingsprojekt/client/node_modules/glob-stream/package.json
84 verbose installManyTop reading scoped package data from /Users/francis/Documents/LNU/Individuellt Mjukvaruutvecklingsprojekt/client/node_modules/glob-watcher/package.json
85 verbose installManyTop reading scoped package data from /Users/francis/Documents/LNU/Individuellt Mjukvaruutvecklingsprojekt/client/node_modules/glob2base/package.json
86 verbose installManyTop reading scoped package data from /Users/francis/Documents/LNU/Individuellt Mjukvaruutvecklingsprojekt/client/node_modules/globule/package.json
87 verbose installManyTop reading scoped package data from /Users/francis/Documents/LNU/Individuellt Mjukvaruutvecklingsprojekt/client/node_modules/graceful-fs/package.json
88 verbose installManyTop reading scoped package data from /Users/francis/Documents/LNU/Individuellt Mjukvaruutvecklingsprojekt/client/node_modules/graceful-readlink/package.json
89 verbose installManyTop reading scoped package data from /Users/francis/Documents/LNU/Individuellt Mjukvaruutvecklingsprojekt/client/node_modules/gulp/package.json
90 verbose installManyTop reading scoped package data from /Users/francis/Documents/LNU/Individuellt Mjukvaruutvecklingsprojekt/client/node_modules/gulp-concat/package.json
91 verbose installManyTop reading scoped package data from /Users/francis/Documents/LNU/Individuellt Mjukvaruutvecklingsprojekt/client/node_modules/gulp-minify-css/package.json
92 verbose installManyTop reading scoped package data from /Users/francis/Documents/LNU/Individuellt Mjukvaruutvecklingsprojekt/client/node_modules/gulp-protractor/package.json
93 verbose installManyTop reading scoped package data from /Users/francis/Documents/LNU/Individuellt Mjukvaruutvecklingsprojekt/client/node_modules/gulp-rename/package.json
94 verbose installManyTop reading scoped package data from /Users/francis/Documents/LNU/Individuellt Mjukvaruutvecklingsprojekt/client/node_modules/gulp-sass/package.json
95 verbose installManyTop reading scoped package data from /Users/francis/Documents/LNU/Individuellt Mjukvaruutvecklingsprojekt/client/node_modules/gulp-util/package.json
96 verbose installManyTop reading scoped package data from /Users/francis/Documents/LNU/Individuellt Mjukvaruutvecklingsprojekt/client/node_modules/har-validator/package.json
97 verbose installManyTop reading scoped package data from /Users/francis/Documents/LNU/Individuellt Mjukvaruutvecklingsprojekt/client/node_modules/has-ansi/package.json
98 verbose installManyTop reading scoped package data from /Users/francis/Documents/LNU/Individuellt Mjukvaruutvecklingsprojekt/client/node_modules/has-unicode/package.json
99 verbose installManyTop reading scoped package data from /Users/francis/Documents/LNU/Individuellt Mjukvaruutvecklingsprojekt/client/node_modules/hawk/package.json
100 verbose installManyTop reading scoped package data from /Users/francis/Documents/LNU/Individuellt Mjukvaruutvecklingsprojekt/client/node_modules/hoek/package.json
101 verbose installManyTop reading scoped package data from /Users/francis/Documents/LNU/Individuellt Mjukvaruutvecklingsprojekt/client/node_modules/hosted-git-info/package.json
102 verbose installManyTop reading scoped package data from /Users/francis/Documents/LNU/Individuellt Mjukvaruutvecklingsprojekt/client/node_modules/http-signature/package.json
103 verbose installManyTop reading scoped package data from /Users/francis/Documents/LNU/Individuellt Mjukvaruutvecklingsprojekt/client/node_modules/indent-string/package.json
104 verbose installManyTop reading scoped package data from /Users/francis/Documents/LNU/Individuellt Mjukvaruutvecklingsprojekt/client/node_modules/inflight/package.json
105 verbose installManyTop reading scoped package data from /Users/francis/Documents/LNU/Individuellt Mjukvaruutvecklingsprojekt/client/node_modules/inherits/package.json
106 verbose installManyTop reading scoped package data from /Users/francis/Documents/LNU/Individuellt Mjukvaruutvecklingsprojekt/client/node_modules/ini/package.json
107 verbose installManyTop reading scoped package data from /Users/francis/Documents/LNU/Individuellt Mjukvaruutvecklingsprojekt/client/node_modules/interpret/package.json
108 verbose installManyTop reading scoped package data from /Users/francis/Documents/LNU/Individuellt Mjukvaruutvecklingsprojekt/client/node_modules/invert-kv/package.json
109 verbose installManyTop reading scoped package data from /Users/francis/Documents/LNU/Individuellt Mjukvaruutvecklingsprojekt/client/node_modules/is-absolute/package.json
110 verbose installManyTop reading scoped package data from /Users/francis/Documents/LNU/Individuellt Mjukvaruutvecklingsprojekt/client/node_modules/is-arrayish/package.json
111 verbose installManyTop reading scoped package data from /Users/francis/Documents/LNU/Individuellt Mjukvaruutvecklingsprojekt/client/node_modules/is-builtin-module/package.json
112 verbose installManyTop reading scoped package data from /Users/francis/Documents/LNU/Individuellt Mjukvaruutvecklingsprojekt/client/node_modules/is-finite/package.json
113 verbose installManyTop reading scoped package data from /Users/francis/Documents/LNU/Individuellt Mjukvaruutvecklingsprojekt/client/node_modules/is-fullwidth-code-point/package.json
114 verbose installManyTop reading scoped package data from /Users/francis/Documents/LNU/Individuellt Mjukvaruutvecklingsprojekt/client/node_modules/is-my-json-valid/package.json
115 verbose installManyTop reading scoped package data from /Users/francis/Documents/LNU/Individuellt Mjukvaruutvecklingsprojekt/client/node_modules/is-property/package.json
116 verbose installManyTop reading scoped package data from /Users/francis/Documents/LNU/Individuellt Mjukvaruutvecklingsprojekt/client/node_modules/is-relative/package.json
117 verbose installManyTop reading scoped package data from /Users/francis/Documents/LNU/Individuellt Mjukvaruutvecklingsprojekt/client/node_modules/is-typedarray/package.json
118 verbose installManyTop reading scoped package data from /Users/francis/Documents/LNU/Individuellt Mjukvaruutvecklingsprojekt/client/node_modules/is-utf8/package.json
119 verbose installManyTop reading scoped package data from /Users/francis/Documents/LNU/Individuellt Mjukvaruutvecklingsprojekt/client/node_modules/isarray/package.json
120 verbose installManyTop reading scoped package data from /Users/francis/Documents/LNU/Individuellt Mjukvaruutvecklingsprojekt/client/node_modules/isexe/package.json
121 verbose installManyTop reading scoped package data from /Users/francis/Documents/LNU/Individuellt Mjukvaruutvecklingsprojekt/client/node_modules/isstream/package.json
122 verbose installManyTop reading scoped package data from /Users/francis/Documents/LNU/Individuellt Mjukvaruutvecklingsprojekt/client/node_modules/jodid25519/package.json
123 verbose installManyTop reading scoped package data from /Users/francis/Documents/LNU/Individuellt Mjukvaruutvecklingsprojekt/client/node_modules/jsbn/package.json
124 verbose installManyTop reading scoped package data from /Users/francis/Documents/LNU/Individuellt Mjukvaruutvecklingsprojekt/client/node_modules/json-schema/package.json
125 verbose installManyTop reading scoped package data from /Users/francis/Documents/LNU/Individuellt Mjukvaruutvecklingsprojekt/client/node_modules/json-stringify-safe/package.json
126 verbose installManyTop reading scoped package data from /Users/francis/Documents/LNU/Individuellt Mjukvaruutvecklingsprojekt/client/node_modules/jsonpointer/package.json
127 verbose installManyTop reading scoped package data from /Users/francis/Documents/LNU/Individuellt Mjukvaruutvecklingsprojekt/client/node_modules/jsprim/package.json
128 verbose installManyTop reading scoped package data from /Users/francis/Documents/LNU/Individuellt Mjukvaruutvecklingsprojekt/client/node_modules/lcid/package.json
129 verbose installManyTop reading scoped package data from /Users/francis/Documents/LNU/Individuellt Mjukvaruutvecklingsprojekt/client/node_modules/liftoff/package.json
130 verbose installManyTop reading scoped package data from /Users/francis/Documents/LNU/Individuellt Mjukvaruutvecklingsprojekt/client/node_modules/load-json-file/package.json
131 verbose installManyTop reading scoped package data from /Users/francis/Documents/LNU/Individuellt Mjukvaruutvecklingsprojekt/client/node_modules/lodash/package.json
132 verbose installManyTop reading scoped package data from /Users/francis/Documents/LNU/Individuellt Mjukvaruutvecklingsprojekt/client/node_modules/lodash._baseslice/package.json
133 verbose installManyTop reading scoped package data from /Users/francis/Documents/LNU/Individuellt Mjukvaruutvecklingsprojekt/client/node_modules/lodash._escapehtmlchar/package.json
134 verbose installManyTop reading scoped package data from /Users/francis/Documents/LNU/Individuellt Mjukvaruutvecklingsprojekt/client/node_modules/lodash._escapestringchar/package.json
135 verbose installManyTop reading scoped package data from /Users/francis/Documents/LNU/Individuellt Mjukvaruutvecklingsprojekt/client/node_modules/lodash._htmlescapes/package.json
136 verbose installManyTop reading scoped package data from /Users/francis/Documents/LNU/Individuellt Mjukvaruutvecklingsprojekt/client/node_modules/lodash._isnative/package.json
137 verbose installManyTop reading scoped package data from /Users/francis/Documents/LNU/Individuellt Mjukvaruutvecklingsprojekt/client/node_modules/lodash._objecttypes/package.json
138 verbose installManyTop reading scoped package data from /Users/francis/Documents/LNU/Individuellt Mjukvaruutvecklingsprojekt/client/node_modules/lodash._reinterpolate/package.json
139 verbose installManyTop reading scoped package data from /Users/francis/Documents/LNU/Individuellt Mjukvaruutvecklingsprojekt/client/node_modules/lodash._reunescapedhtml/package.json
140 verbose installManyTop reading scoped package data from /Users/francis/Documents/LNU/Individuellt Mjukvaruutvecklingsprojekt/client/node_modules/lodash._shimkeys/package.json
141 verbose installManyTop reading scoped package data from /Users/francis/Documents/LNU/Individuellt Mjukvaruutvecklingsprojekt/client/node_modules/lodash.defaults/package.json
142 verbose installManyTop reading scoped package data from /Users/francis/Documents/LNU/Individuellt Mjukvaruutvecklingsprojekt/client/node_modules/lodash.escape/package.json
143 verbose installManyTop reading scoped package data from /Users/francis/Documents/LNU/Individuellt Mjukvaruutvecklingsprojekt/client/node_modules/lodash.isobject/package.json
144 verbose installManyTop reading scoped package data from /Users/francis/Documents/LNU/Individuellt Mjukvaruutvecklingsprojekt/client/node_modules/lodash.keys/package.json
145 verbose installManyTop reading scoped package data from /Users/francis/Documents/LNU/Individuellt Mjukvaruutvecklingsprojekt/client/node_modules/lodash.pad/package.json
146 verbose installManyTop reading scoped package data from /Users/francis/Documents/LNU/Individuellt Mjukvaruutvecklingsprojekt/client/node_modules/lodash.padend/package.json
147 verbose installManyTop reading scoped package data from /Users/francis/Documents/LNU/Individuellt Mjukvaruutvecklingsprojekt/client/node_modules/lodash.padstart/package.json
148 verbose installManyTop reading scoped package data from /Users/francis/Documents/LNU/Individuellt Mjukvaruutvecklingsprojekt/client/node_modules/lodash.template/package.json
149 verbose installManyTop reading scoped package data from /Users/francis/Documents/LNU/Individuellt Mjukvaruutvecklingsprojekt/client/node_modules/lodash.templatesettings/package.json
150 verbose installManyTop reading scoped package data from /Users/francis/Documents/LNU/Individuellt Mjukvaruutvecklingsprojekt/client/node_modules/lodash.tostring/package.json
151 verbose installManyTop reading scoped package data from /Users/francis/Documents/LNU/Individuellt Mjukvaruutvecklingsprojekt/client/node_modules/lodash.values/package.json
152 verbose installManyTop reading scoped package data from /Users/francis/Documents/LNU/Individuellt Mjukvaruutvecklingsprojekt/client/node_modules/loud-rejection/package.json
153 verbose installManyTop reading scoped package data from /Users/francis/Documents/LNU/Individuellt Mjukvaruutvecklingsprojekt/client/node_modules/lru-cache/package.json
154 verbose installManyTop reading scoped package data from /Users/francis/Documents/LNU/Individuellt Mjukvaruutvecklingsprojekt/client/node_modules/map-obj/package.json
155 verbose installManyTop reading scoped package data from /Users/francis/Documents/LNU/Individuellt Mjukvaruutvecklingsprojekt/client/node_modules/memory-cache/package.json
156 verbose installManyTop reading scoped package data from /Users/francis/Documents/LNU/Individuellt Mjukvaruutvecklingsprojekt/client/node_modules/meow/package.json
157 verbose installManyTop reading scoped package data from /Users/francis/Documents/LNU/Individuellt Mjukvaruutvecklingsprojekt/client/node_modules/mime-db/package.json
158 verbose installManyTop reading scoped package data from /Users/francis/Documents/LNU/Individuellt Mjukvaruutvecklingsprojekt/client/node_modules/mime-types/package.json
159 verbose installManyTop reading scoped package data from /Users/francis/Documents/LNU/Individuellt Mjukvaruutvecklingsprojekt/client/node_modules/minimatch/package.json
160 verbose installManyTop reading scoped package data from /Users/francis/Documents/LNU/Individuellt Mjukvaruutvecklingsprojekt/client/node_modules/minimist/package.json
161 verbose installManyTop reading scoped package data from /Users/francis/Documents/LNU/Individuellt Mjukvaruutvecklingsprojekt/client/node_modules/mkdirp/package.json
162 verbose installManyTop reading scoped package data from /Users/francis/Documents/LNU/Individuellt Mjukvaruutvecklingsprojekt/client/node_modules/ms/package.json
163 verbose installManyTop reading scoped package data from /Users/francis/Documents/LNU/Individuellt Mjukvaruutvecklingsprojekt/client/node_modules/multipipe/package.json
164 verbose installManyTop reading scoped package data from /Users/francis/Documents/LNU/Individuellt Mjukvaruutvecklingsprojekt/client/node_modules/nan/package.json
165 verbose installManyTop reading scoped package data from /Users/francis/Documents/LNU/Individuellt Mjukvaruutvecklingsprojekt/client/node_modules/node-gyp/package.json
166 verbose installManyTop reading scoped package data from /Users/francis/Documents/LNU/Individuellt Mjukvaruutvecklingsprojekt/client/node_modules/node-sass/package.json
167 verbose installManyTop reading scoped package data from /Users/francis/Documents/LNU/Individuellt Mjukvaruutvecklingsprojekt/client/node_modules/node-uuid/package.json
168 verbose installManyTop reading scoped package data from /Users/francis/Documents/LNU/Individuellt Mjukvaruutvecklingsprojekt/client/node_modules/nopt/package.json
169 verbose installManyTop reading scoped package data from /Users/francis/Documents/LNU/Individuellt Mjukvaruutvecklingsprojekt/client/node_modules/normalize-package-data/package.json
170 verbose installManyTop reading scoped package data from /Users/francis/Documents/LNU/Individuellt Mjukvaruutvecklingsprojekt/client/node_modules/npmconf/package.json
171 verbose installManyTop reading scoped package data from /Users/francis/Documents/LNU/Individuellt Mjukvaruutvecklingsprojekt/client/node_modules/npmlog/package.json
172 verbose installManyTop reading scoped package data from /Users/francis/Documents/LNU/Individuellt Mjukvaruutvecklingsprojekt/client/node_modules/number-is-nan/package.json
173 verbose installManyTop reading scoped package data from /Users/francis/Documents/LNU/Individuellt Mjukvaruutvecklingsprojekt/client/node_modules/oauth-sign/package.json
174 verbose installManyTop reading scoped package data from /Users/francis/Documents/LNU/Individuellt Mjukvaruutvecklingsprojekt/client/node_modules/once/package.json
175 verbose installManyTop reading scoped package data from /Users/francis/Documents/LNU/Individuellt Mjukvaruutvecklingsprojekt/client/node_modules/orchestrator/package.json
176 verbose installManyTop reading scoped package data from /Users/francis/Documents/LNU/Individuellt Mjukvaruutvecklingsprojekt/client/node_modules/ordered-read-streams/package.json
177 verbose installManyTop reading scoped package data from /Users/francis/Documents/LNU/Individuellt Mjukvaruutvecklingsprojekt/client/node_modules/os-homedir/package.json
178 verbose installManyTop reading scoped package data from /Users/francis/Documents/LNU/Individuellt Mjukvaruutvecklingsprojekt/client/node_modules/os-locale/package.json
179 verbose installManyTop reading scoped package data from /Users/francis/Documents/LNU/Individuellt Mjukvaruutvecklingsprojekt/client/node_modules/os-shim/package.json
180 verbose installManyTop reading scoped package data from /Users/francis/Documents/LNU/Individuellt Mjukvaruutvecklingsprojekt/client/node_modules/os-tmpdir/package.json
181 verbose installManyTop reading scoped package data from /Users/francis/Documents/LNU/Individuellt Mjukvaruutvecklingsprojekt/client/node_modules/osenv/package.json
182 verbose installManyTop reading scoped package data from /Users/francis/Documents/LNU/Individuellt Mjukvaruutvecklingsprojekt/client/node_modules/parse-json/package.json
183 verbose installManyTop reading scoped package data from /Users/francis/Documents/LNU/Individuellt Mjukvaruutvecklingsprojekt/client/node_modules/path-array/package.json
184 verbose installManyTop reading scoped package data from /Users/francis/Documents/LNU/Individuellt Mjukvaruutvecklingsprojekt/client/node_modules/path-exists/package.json
185 verbose installManyTop reading scoped package data from /Users/francis/Documents/LNU/Individuellt Mjukvaruutvecklingsprojekt/client/node_modules/path-is-absolute/package.json
186 verbose installManyTop reading scoped package data from /Users/francis/Documents/LNU/Individuellt Mjukvaruutvecklingsprojekt/client/node_modules/path-type/package.json
187 verbose installManyTop reading scoped package data from /Users/francis/Documents/LNU/Individuellt Mjukvaruutvecklingsprojekt/client/node_modules/pify/package.json
188 verbose installManyTop reading scoped package data from /Users/francis/Documents/LNU/Individuellt Mjukvaruutvecklingsprojekt/client/node_modules/pinkie/package.json
189 verbose installManyTop reading scoped package data from /Users/francis/Documents/LNU/Individuellt Mjukvaruutvecklingsprojekt/client/node_modules/pinkie-promise/package.json
190 verbose installManyTop reading scoped package data from /Users/francis/Documents/LNU/Individuellt Mjukvaruutvecklingsprojekt/client/node_modules/pretty-hrtime/package.json
191 verbose installManyTop reading scoped package data from /Users/francis/Documents/LNU/Individuellt Mjukvaruutvecklingsprojekt/client/node_modules/process-nextick-args/package.json
192 verbose installManyTop reading scoped package data from /Users/francis/Documents/LNU/Individuellt Mjukvaruutvecklingsprojekt/client/node_modules/proto-list/package.json
193 verbose installManyTop reading scoped package data from /Users/francis/Documents/LNU/Individuellt Mjukvaruutvecklingsprojekt/client/node_modules/protractor/package.json
194 verbose installManyTop reading scoped package data from /Users/francis/Documents/LNU/Individuellt Mjukvaruutvecklingsprojekt/client/node_modules/pseudomap/package.json
195 verbose installManyTop reading scoped package data from /Users/francis/Documents/LNU/Individuellt Mjukvaruutvecklingsprojekt/client/node_modules/qs/package.json
196 verbose installManyTop reading scoped package data from /Users/francis/Documents/LNU/Individuellt Mjukvaruutvecklingsprojekt/client/node_modules/read-pkg/package.json
197 verbose installManyTop reading scoped package data from /Users/francis/Documents/LNU/Individuellt Mjukvaruutvecklingsprojekt/client/node_modules/read-pkg-up/package.json
198 verbose installManyTop reading scoped package data from /Users/francis/Documents/LNU/Individuellt Mjukvaruutvecklingsprojekt/client/node_modules/readable-stream/package.json
199 verbose installManyTop reading scoped package data from /Users/francis/Documents/LNU/Individuellt Mjukvaruutvecklingsprojekt/client/node_modules/rechoir/package.json
200 verbose installManyTop reading scoped package data from /Users/francis/Documents/LNU/Individuellt Mjukvaruutvecklingsprojekt/client/node_modules/redent/package.json
201 verbose installManyTop reading scoped package data from /Users/francis/Documents/LNU/Individuellt Mjukvaruutvecklingsprojekt/client/node_modules/repeating/package.json
202 verbose installManyTop reading scoped package data from /Users/francis/Documents/LNU/Individuellt Mjukvaruutvecklingsprojekt/client/node_modules/request/package.json
203 verbose installManyTop reading scoped package data from /Users/francis/Documents/LNU/Individuellt Mjukvaruutvecklingsprojekt/client/node_modules/resolve/package.json
204 verbose installManyTop reading scoped package data from /Users/francis/Documents/LNU/Individuellt Mjukvaruutvecklingsprojekt/client/node_modules/rimraf/package.json
205 verbose installManyTop reading scoped package data from /Users/francis/Documents/LNU/Individuellt Mjukvaruutvecklingsprojekt/client/node_modules/sass-graph/package.json
206 verbose installManyTop reading scoped package data from /Users/francis/Documents/LNU/Individuellt Mjukvaruutvecklingsprojekt/client/node_modules/semver/package.json
207 verbose installManyTop reading scoped package data from /Users/francis/Documents/LNU/Individuellt Mjukvaruutvecklingsprojekt/client/node_modules/sequencify/package.json
208 verbose installManyTop reading scoped package data from /Users/francis/Documents/LNU/Individuellt Mjukvaruutvecklingsprojekt/client/node_modules/shelljs/package.json
209 verbose installManyTop reading scoped package data from /Users/francis/Documents/LNU/Individuellt Mjukvaruutvecklingsprojekt/client/node_modules/sigmund/package.json
210 verbose installManyTop reading scoped package data from /Users/francis/Documents/LNU/Individuellt Mjukvaruutvecklingsprojekt/client/node_modules/signal-exit/package.json
211 verbose installManyTop reading scoped package data from /Users/francis/Documents/LNU/Individuellt Mjukvaruutvecklingsprojekt/client/node_modules/sntp/package.json
212 verbose installManyTop reading scoped package data from /Users/francis/Documents/LNU/Individuellt Mjukvaruutvecklingsprojekt/client/node_modules/source-map/package.json
213 verbose installManyTop reading scoped package data from /Users/francis/Documents/LNU/Individuellt Mjukvaruutvecklingsprojekt/client/node_modules/spawn-sync/package.json
214 verbose installManyTop reading scoped package data from /Users/francis/Documents/LNU/Individuellt Mjukvaruutvecklingsprojekt/client/node_modules/spdx-correct/package.json
215 verbose installManyTop reading scoped package data from /Users/francis/Documents/LNU/Individuellt Mjukvaruutvecklingsprojekt/client/node_modules/spdx-exceptions/package.json
216 verbose installManyTop reading scoped package data from /Users/francis/Documents/LNU/Individuellt Mjukvaruutvecklingsprojekt/client/node_modules/spdx-expression-parse/package.json
217 verbose installManyTop reading scoped package data from /Users/francis/Documents/LNU/Individuellt Mjukvaruutvecklingsprojekt/client/node_modules/spdx-license-ids/package.json
218 verbose installManyTop reading scoped package data from /Users/francis/Documents/LNU/Individuellt Mjukvaruutvecklingsprojekt/client/node_modules/sshpk/package.json
219 verbose installManyTop reading scoped package data from /Users/francis/Documents/LNU/Individuellt Mjukvaruutvecklingsprojekt/client/node_modules/stream-consume/package.json
220 verbose installManyTop reading scoped package data from /Users/francis/Documents/LNU/Individuellt Mjukvaruutvecklingsprojekt/client/node_modules/string-width/package.json
221 verbose installManyTop reading scoped package data from /Users/francis/Documents/LNU/Individuellt Mjukvaruutvecklingsprojekt/client/node_modules/string_decoder/package.json
222 verbose installManyTop reading scoped package data from /Users/francis/Documents/LNU/Individuellt Mjukvaruutvecklingsprojekt/client/node_modules/stringstream/package.json
223 verbose installManyTop reading scoped package data from /Users/francis/Documents/LNU/Individuellt Mjukvaruutvecklingsprojekt/client/node_modules/strip-ansi/package.json
224 verbose installManyTop reading scoped package data from /Users/francis/Documents/LNU/Individuellt Mjukvaruutvecklingsprojekt/client/node_modules/strip-bom/package.json
225 verbose installManyTop reading scoped package data from /Users/francis/Documents/LNU/Individuellt Mjukvaruutvecklingsprojekt/client/node_modules/strip-indent/package.json
226 verbose installManyTop reading scoped package data from /Users/francis/Documents/LNU/Individuellt Mjukvaruutvecklingsprojekt/client/node_modules/supports-color/package.json
227 verbose installManyTop reading scoped package data from /Users/francis/Documents/LNU/Individuellt Mjukvaruutvecklingsprojekt/client/node_modules/tar/package.json
228 verbose installManyTop reading scoped package data from /Users/francis/Documents/LNU/Individuellt Mjukvaruutvecklingsprojekt/client/node_modules/through2/package.json
229 verbose installManyTop reading scoped package data from /Users/francis/Documents/LNU/Individuellt Mjukvaruutvecklingsprojekt/client/node_modules/tildify/package.json
230 verbose installManyTop reading scoped package data from /Users/francis/Documents/LNU/Individuellt Mjukvaruutvecklingsprojekt/client/node_modules/tough-cookie/package.json
231 verbose installManyTop reading scoped package data from /Users/francis/Documents/LNU/Individuellt Mjukvaruutvecklingsprojekt/client/node_modules/trim-newlines/package.json
232 verbose installManyTop reading scoped package data from /Users/francis/Documents/LNU/Individuellt Mjukvaruutvecklingsprojekt/client/node_modules/tunnel-agent/package.json
233 verbose installManyTop reading scoped package data from /Users/francis/Documents/LNU/Individuellt Mjukvaruutvecklingsprojekt/client/node_modules/tweetnacl/package.json
234 verbose installManyTop reading scoped package data from /Users/francis/Documents/LNU/Individuellt Mjukvaruutvecklingsprojekt/client/node_modules/typedarray/package.json
235 verbose installManyTop reading scoped package data from /Users/francis/Documents/LNU/Individuellt Mjukvaruutvecklingsprojekt/client/node_modules/uid-number/package.json
236 verbose installManyTop reading scoped package data from /Users/francis/Documents/LNU/Individuellt Mjukvaruutvecklingsprojekt/client/node_modules/unique-stream/package.json
237 verbose installManyTop reading scoped package data from /Users/francis/Documents/LNU/Individuellt Mjukvaruutvecklingsprojekt/client/node_modules/user-home/package.json
238 verbose installManyTop reading scoped package data from /Users/francis/Documents/LNU/Individuellt Mjukvaruutvecklingsprojekt/client/node_modules/util-deprecate/package.json
239 verbose installManyTop reading scoped package data from /Users/francis/Documents/LNU/Individuellt Mjukvaruutvecklingsprojekt/client/node_modules/v8flags/package.json
240 verbose installManyTop reading scoped package data from /Users/francis/Documents/LNU/Individuellt Mjukvaruutvecklingsprojekt/client/node_modules/validate-npm-package-license/package.json
241 verbose installManyTop reading scoped package data from /Users/francis/Documents/LNU/Individuellt Mjukvaruutvecklingsprojekt/client/node_modules/verror/package.json
242 verbose installManyTop reading scoped package data from /Users/francis/Documents/LNU/Individuellt Mjukvaruutvecklingsprojekt/client/node_modules/vinyl/package.json
243 verbose installManyTop reading scoped package data from /Users/francis/Documents/LNU/Individuellt Mjukvaruutvecklingsprojekt/client/node_modules/vinyl-fs/package.json
244 verbose installManyTop reading scoped package data from /Users/francis/Documents/LNU/Individuellt Mjukvaruutvecklingsprojekt/client/node_modules/vinyl-sourcemaps-apply/package.json
245 verbose installManyTop reading scoped package data from /Users/francis/Documents/LNU/Individuellt Mjukvaruutvecklingsprojekt/client/node_modules/which/package.json
246 verbose installManyTop reading scoped package data from /Users/francis/Documents/LNU/Individuellt Mjukvaruutvecklingsprojekt/client/node_modules/window-size/package.json
247 verbose installManyTop reading scoped package data from /Users/francis/Documents/LNU/Individuellt Mjukvaruutvecklingsprojekt/client/node_modules/wrap-ansi/package.json
248 verbose installManyTop reading scoped package data from /Users/francis/Documents/LNU/Individuellt Mjukvaruutvecklingsprojekt/client/node_modules/wrappy/package.json
249 verbose installManyTop reading scoped package data from /Users/francis/Documents/LNU/Individuellt Mjukvaruutvecklingsprojekt/client/node_modules/xtend/package.json
250 verbose installManyTop reading scoped package data from /Users/francis/Documents/LNU/Individuellt Mjukvaruutvecklingsprojekt/client/node_modules/y18n/package.json
251 verbose installManyTop reading scoped package data from /Users/francis/Documents/LNU/Individuellt Mjukvaruutvecklingsprojekt/client/node_modules/yallist/package.json
252 verbose installManyTop reading scoped package data from /Users/francis/Documents/LNU/Individuellt Mjukvaruutvecklingsprojekt/client/node_modules/yargs/package.json
253 info package.json async-foreach@0.1.3 No license field.
254 info package.json bufferstreams@0.0.2 No license field.
255 info package.json config-chain@1.1.10 No license field.
256 info package.json deprecated@0.0.1 No license field.
257 info package.json duplexer2@0.0.2 license should be a valid SPDX license expression
258 info package.json extsprintf@1.0.2 No license field.
259 info package.json findup-sync@0.3.0 No license field.
260 info package.json flagged-respawn@0.3.2 No license field.
261 info package.json gaze@0.5.2 No license field.
262 info package.json glob-stream@3.1.18 No license field.
263 info package.json glob-watcher@0.0.6 No license field.
264 info package.json glob2base@0.0.12 No license field.
265 info package.json globule@0.1.0 No license field.
266 info package.json gulp-minify-css@0.3.13 No license field.
267 info package.json gulp-rename@1.2.2 No license field.
268 info package.json is-absolute@0.1.7 license should be a valid SPDX license expression
269 info package.json is-relative@0.1.3 No license field.
270 info package.json jsbn@0.1.0 license should be a valid SPDX license expression
271 info package.json json-schema@0.2.2 No license field.
272 info package.json memory-cache@0.0.5 No license field.
273 info package.json ms@0.7.1 No license field.
274 info package.json node-uuid@1.4.7 No license field.
275 info package.json orchestrator@0.3.7 No license field.
276 info package.json os-shim@0.1.3 No license field.
277 info package.json rechoir@0.6.2 No license field.
278 info package.json sequencify@0.0.7 No license field.
279 info package.json shelljs@0.3.0 license should be a valid SPDX license expression
280 info package.json sntp@1.0.9 No license field.
281 info package.json string_decoder@0.10.31 string_decoder is also the name of a node core module.
282 info package.json unique-stream@1.0.0 license should be a valid SPDX license expression
283 info package.json v8flags@2.0.11 No license field.
284 info package.json verror@1.3.6 No license field.
285 info package.json vinyl@0.2.3 No license field.
286 info package.json vinyl-fs@0.3.14 No license field.
287 verbose readDependencies loading dependencies from /Users/francis/Documents/LNU/Individuellt Mjukvaruutvecklingsprojekt/client/package.json
288 verbose install protractor is installed as 3.3.0
289 silly cache add args [ 'protractor', null ]
290 verbose cache add spec protractor
291 silly cache add parsed spec Result {
291 silly cache add   raw: 'protractor',
291 silly cache add   scope: null,
291 silly cache add   name: 'protractor',
291 silly cache add   rawSpec: '',
291 silly cache add   spec: 'latest',
291 silly cache add   type: 'tag' }
292 silly addNamed protractor@latest
293 verbose addNamed "latest" is being treated as a dist-tag for protractor
294 info addNameTag [ 'protractor', 'latest' ]
295 silly mapToRegistry name protractor
296 silly mapToRegistry using default registry
297 silly mapToRegistry registry https://registry.npmjs.org/
298 silly mapToRegistry data Result {
298 silly mapToRegistry   raw: 'protractor',
298 silly mapToRegistry   scope: null,
298 silly mapToRegistry   name: 'protractor',
298 silly mapToRegistry   rawSpec: '',
298 silly mapToRegistry   spec: 'latest',
298 silly mapToRegistry   type: 'tag' }
299 silly mapToRegistry uri https://registry.npmjs.org/protractor
300 verbose addNameTag registry:https://registry.npmjs.org/protractor not in flight; fetching
301 verbose request uri https://registry.npmjs.org/protractor
302 verbose request no auth needed
303 info attempt registry request try #1 at 3:24:15 PM
304 verbose request id 37a8abab23de6e7d
305 verbose etag "93YSVVM1FAH89MLGRQNW7X4ZE"
306 http request GET https://registry.npmjs.org/protractor
307 http 304 https://registry.npmjs.org/protractor
308 verbose headers { date: 'Fri, 29 Apr 2016 17:24:19 GMT',
308 verbose headers   via: '1.1 varnish',
308 verbose headers   'cache-control': 'max-age=300',
308 verbose headers   etag: '"93YSVVM1FAH89MLGRQNW7X4ZE"',
308 verbose headers   age: '0',
308 verbose headers   connection: 'keep-alive',
308 verbose headers   'x-served-by': 'cache-sjc3121-SJC',
308 verbose headers   'x-cache': 'HIT',
308 verbose headers   'x-cache-hits': '1',
308 verbose headers   'x-timer': 'S1461950659.305193,VS0,VE44',
308 verbose headers   vary: 'Accept-Encoding' }
309 silly get cb [ 304,
309 silly get   { date: 'Fri, 29 Apr 2016 17:24:19 GMT',
309 silly get     via: '1.1 varnish',
309 silly get     'cache-control': 'max-age=300',
309 silly get     etag: '"93YSVVM1FAH89MLGRQNW7X4ZE"',
309 silly get     age: '0',
309 silly get     connection: 'keep-alive',
309 silly get     'x-served-by': 'cache-sjc3121-SJC',
309 silly get     'x-cache': 'HIT',
309 silly get     'x-cache-hits': '1',
309 silly get     'x-timer': 'S1461950659.305193,VS0,VE44',
309 silly get     vary: 'Accept-Encoding' } ]
310 verbose etag https://registry.npmjs.org/protractor from cache
311 verbose get saving protractor to /Users/francis/.npm/registry.npmjs.org/protractor/.cache.json
312 verbose correctMkdir /Users/francis/.npm correctMkdir not in flight; initializing
313 silly addNameTag next cb for protractor with tag latest
314 silly addNamed protractor@3.3.0
315 verbose addNamed "3.3.0" is a plain semver version for protractor
316 silly cache afterAdd protractor@3.3.0
317 verbose afterAdd /Users/francis/.npm/protractor/3.3.0/package/package.json not in flight; writing
318 verbose correctMkdir /Users/francis/.npm correctMkdir not in flight; initializing
319 verbose afterAdd /Users/francis/.npm/protractor/3.3.0/package/package.json written
320 silly install resolved [ { name: 'protractor',
320 silly install resolved     description: 'Webdriver E2E test wrapper for Angular.',
320 silly install resolved     homepage: 'https://github.com/angular/protractor',
320 silly install resolved     keywords:
320 silly install resolved      [ 'angular',
320 silly install resolved        'test',
320 silly install resolved        'testing',
320 silly install resolved        'webdriver',
320 silly install resolved        'webdriverjs',
320 silly install resolved        'selenium' ],
320 silly install resolved     author: { name: 'Julie Ralph', email: 'ju.ralph@gmail.com' },
320 silly install resolved     dependencies:
320 silly install resolved      { 'adm-zip': '0.4.7',
320 silly install resolved        chalk: '^1.1.3',
320 silly install resolved        glob: '~6.0',
320 silly install resolved        jasmine: '2.4.1',
320 silly install resolved        jasminewd2: '0.0.9',
320 silly install resolved        optimist: '~0.6.0',
320 silly install resolved        q: '1.4.1',
320 silly install resolved        request: '~2.67.0',
320 silly install resolved        saucelabs: '~1.0.1',
320 silly install resolved        'selenium-webdriver': '2.52.0',
320 silly install resolved        'source-map-support': '~0.4.0' },
320 silly install resolved     devDependencies:
320 silly install resolved      { 'body-parser': '1.14.2',
320 silly install resolved        chai: '~3.4.1',
320 silly install resolved        'chai-as-promised': '~5.2.0',
320 silly install resolved        'clang-format': '^1.0.34',
320 silly install resolved        'expect.js': '~0.3.1',
320 silly install resolved        express: '~4.13.3',
320 silly install resolved        gulp: '^3.9.1',
320 silly install resolved        'gulp-clang-format': '^1.0.23',
320 silly install resolved        jshint: '2.9.1',
320 silly install resolved        lodash: '^4.5.1',
320 silly install resolved        marked: '^0.3.3',
320 silly install resolved        mocha: '2.3.4',
320 silly install resolved        rimraf: '~2.5.0',
320 silly install resolved        'run-sequence': '^1.1.5',
320 silly install resolved        typescript: '1.8.2',
320 silly install resolved        typings: '^0.8.1' },
320 silly install resolved     repository: { type: 'git', url: 'git://github.com/angular/protractor.git' },
320 silly install resolved     bin:
320 silly install resolved      { protractor: 'bin/protractor',
320 silly install resolved        'webdriver-manager': 'bin/webdriver-manager' },
320 silly install resolved     main: 'built/protractor.js',
320 silly install resolved     scripts:
320 silly install resolved      { prepublish: 'gulp prepublish',
320 silly install resolved        pretest: 'gulp pretest',
320 silly install resolved        start: 'node testapp/scripts/web-server.js',
320 silly install resolved        test: 'node scripts/test.js',
320 silly install resolved        tsc: './node_modules/typescript/bin/tsc',
320 silly install resolved        'tsc:w': './node_modules/typescript/bin/tsc -w' },
320 silly install resolved     license: 'MIT',
320 silly install resolved     version: '3.3.0',
320 silly install resolved     gitHead: '2800215576e0b9c97f20253f034dd0e0139dd5ee',
320 silly install resolved     bugs: { url: 'https://github.com/angular/protractor/issues' },
320 silly install resolved     _id: 'protractor@3.3.0',
320 silly install resolved     _shasum: '7f4468306ac29a315086daf64a2b4a15c0bc1317',
320 silly install resolved     _from: 'protractor@latest',
320 silly install resolved     _npmVersion: '3.6.0',
320 silly install resolved     _nodeVersion: '5.5.0',
320 silly install resolved     _npmUser: { name: 'angularcore', email: 'angular-core+npm@google.com' },
320 silly install resolved     dist:
320 silly install resolved      { shasum: '7f4468306ac29a315086daf64a2b4a15c0bc1317',
320 silly install resolved        tarball: 'https://registry.npmjs.org/protractor/-/protractor-3.3.0.tgz' },
320 silly install resolved     maintainers: [ [Object], [Object] ],
320 silly install resolved     _npmOperationalInternal:
320 silly install resolved      { host: 'packages-16-east.internal.npmjs.com',
320 silly install resolved        tmp: 'tmp/protractor-3.3.0.tgz_1461623805977_0.6117142830044031' },
320 silly install resolved     directories: {},
320 silly install resolved     _resolved: 'https://registry.npmjs.org/protractor/-/protractor-3.3.0.tgz',
320 silly install resolved     readme: 'ERROR: No README data found!' } ]
321 info install protractor@3.3.0 into /Users/francis/Documents/LNU/Individuellt Mjukvaruutvecklingsprojekt/client
322 info installOne protractor@3.3.0
323 verbose installOne of protractor to /Users/francis/Documents/LNU/Individuellt Mjukvaruutvecklingsprojekt/client not in flight; installing
324 verbose correctMkdir /Users/francis/.npm/_locks correctMkdir not in flight; initializing
325 verbose lock using /Users/francis/.npm/_locks/protractor-2eb426d63cac1aab.lock for /Users/francis/Documents/LNU/Individuellt Mjukvaruutvecklingsprojekt/client/node_modules/protractor
326 silly install write writing protractor 3.3.0 to /Users/francis/Documents/LNU/Individuellt Mjukvaruutvecklingsprojekt/client/node_modules/protractor
327 verbose unbuild node_modules/protractor
328 info preuninstall protractor@3.3.0
329 info uninstall protractor@3.3.0
330 verbose unbuild rmStuff protractor@3.3.0 from /Users/francis/Documents/LNU/Individuellt Mjukvaruutvecklingsprojekt/client/node_modules
331 silly gentlyRm /Users/francis/Documents/LNU/Individuellt Mjukvaruutvecklingsprojekt/client/node_modules/.bin/protractor is being gently removed
332 silly gentlyRm verifying /Users/francis/Documents/LNU/Individuellt Mjukvaruutvecklingsprojekt/client is an npm working directory
333 silly gentlyRm /Users/francis/Documents/LNU/Individuellt Mjukvaruutvecklingsprojekt/client/node_modules/.bin/webdriver-manager is being gently removed
334 silly gentlyRm verifying /Users/francis/Documents/LNU/Individuellt Mjukvaruutvecklingsprojekt/client is an npm working directory
335 silly gentlyRm containing path /Users/francis/Documents/LNU/Individuellt Mjukvaruutvecklingsprojekt/client is under npm's control, in /Users/francis/Documents/LNU/Individuellt Mjukvaruutvecklingsprojekt/client
336 silly gentlyRm deletion target /Users/francis/Documents/LNU/Individuellt Mjukvaruutvecklingsprojekt/client/node_modules/.bin/protractor is under /Users/francis/Documents/LNU/Individuellt Mjukvaruutvecklingsprojekt/client
337 verbose gentlyRm vacuuming from /Users/francis/Documents/LNU/Individuellt Mjukvaruutvecklingsprojekt/client/node_modules/.bin/protractor up to /Users/francis/Documents/LNU/Individuellt Mjukvaruutvecklingsprojekt/client
338 silly gentlyRm containing path /Users/francis/Documents/LNU/Individuellt Mjukvaruutvecklingsprojekt/client is under npm's control, in /Users/francis/Documents/LNU/Individuellt Mjukvaruutvecklingsprojekt/client
339 silly gentlyRm deletion target /Users/francis/Documents/LNU/Individuellt Mjukvaruutvecklingsprojekt/client/node_modules/.bin/webdriver-manager is under /Users/francis/Documents/LNU/Individuellt Mjukvaruutvecklingsprojekt/client
340 verbose gentlyRm vacuuming from /Users/francis/Documents/LNU/Individuellt Mjukvaruutvecklingsprojekt/client/node_modules/.bin/webdriver-manager up to /Users/francis/Documents/LNU/Individuellt Mjukvaruutvecklingsprojekt/client
341 silly vacuum-fs removing /Users/francis/Documents/LNU/Individuellt Mjukvaruutvecklingsprojekt/client/node_modules/.bin/protractor
342 silly vacuum-fs removing /Users/francis/Documents/LNU/Individuellt Mjukvaruutvecklingsprojekt/client/node_modules/.bin/webdriver-manager
343 silly vacuum-fs quitting because other entries in /Users/francis/Documents/LNU/Individuellt Mjukvaruutvecklingsprojekt/client/node_modules/.bin
344 silly vacuum-fs quitting because other entries in /Users/francis/Documents/LNU/Individuellt Mjukvaruutvecklingsprojekt/client/node_modules/.bin
345 info postuninstall protractor@3.3.0
346 silly gentlyRm /Users/francis/Documents/LNU/Individuellt Mjukvaruutvecklingsprojekt/client/node_modules/protractor is being purged from base /Users/francis/Documents/LNU/Individuellt Mjukvaruutvecklingsprojekt/client
347 verbose gentlyRm don't care about contents; nuking /Users/francis/Documents/LNU/Individuellt Mjukvaruutvecklingsprojekt/client/node_modules/protractor
348 silly vacuum-fs purging /Users/francis/Documents/LNU/Individuellt Mjukvaruutvecklingsprojekt/client/node_modules/protractor
349 verbose unlock done using /Users/francis/.npm/_locks/protractor-2eb426d63cac1aab.lock for /Users/francis/Documents/LNU/Individuellt Mjukvaruutvecklingsprojekt/client/node_modules/protractor
350 verbose stack Error: ENOTEMPTY: directory not empty, rmdir '/Users/francis/Documents/LNU/Individuellt Mjukvaruutvecklingsprojekt/client/node_modules/protractor'
350 verbose stack     at Error (native)
351 verbose cwd /Users/francis/Documents/LNU/Individuellt Mjukvaruutvecklingsprojekt/client
352 error Darwin 13.4.0
353 error argv "/usr/local/bin/node" "/usr/local/bin/npm" "install" "protractor" "--uninstall"
354 error node v4.4.3
355 error npm  v2.15.1
356 error path /Users/francis/Documents/LNU/Individuellt Mjukvaruutvecklingsprojekt/client/node_modules/protractor
357 error code ENOTEMPTY
358 error errno -66
359 error syscall rmdir
360 error ENOTEMPTY: directory not empty, rmdir '/Users/francis/Documents/LNU/Individuellt Mjukvaruutvecklingsprojekt/client/node_modules/protractor'
361 error If you need help, you may report this error at:
361 error     <https://github.com/npm/npm/issues>
362 verbose exit [ -66, true ]
363 verbose unbuild node_modules/protractor
364 silly gentlyRm /Users/francis/Documents/LNU/Individuellt Mjukvaruutvecklingsprojekt/client/node_modules/protractor is being purged from base /Users/francis/Documents/LNU/Individuellt Mjukvaruutvecklingsprojekt/client
365 verbose gentlyRm don't care about contents; nuking /Users/francis/Documents/LNU/Individuellt Mjukvaruutvecklingsprojekt/client/node_modules/protractor
366 silly vacuum-fs purging /Users/francis/Documents/LNU/Individuellt Mjukvaruutvecklingsprojekt/client/node_modules/protractor
367 silly vacuum-fs quitting because other entries in /Users/francis/Documents/LNU/Individuellt Mjukvaruutvecklingsprojekt/client/node_modules
